<?xml version="1.0" encoding="UTF-8"?>
<!-- Generated by org.testng.reporters.JUnitReportReporter -->
<testsuite hostname="DIPIDEAPAD-S145" name="com.bs.auto.demo.Demo1" tests="2" failures="0" timestamp="2 Jun 2022 07:01:10 GMT" time="7.829" errors="0">
  <testcase name="method1" time="3.950" classname="com.bs.auto.demo.Demo1"/>
  <testcase name="method1" time="3.879" classname="com.bs.auto.demo.Demo1"/>
</testsuite> <!-- com.bs.auto.demo.Demo1 -->
