<?xml version="1.0" encoding="UTF-8"?>
<!-- Generated by org.testng.reporters.JUnitReportReporter -->
<testsuite hostname="DIPIDEAPAD-S145" name="com.bs.auto.test.Example" tests="1" failures="0" timestamp="17 May 2022 20:27:00 GMT" time="8.353" errors="0">
  <testcase name="method2" time="8.353" classname="com.bs.auto.test.Example"/>
</testsuite> <!-- com.bs.auto.test.Example -->
