<?xml version="1.0" encoding="UTF-8"?>
<!-- Generated by org.testng.reporters.JUnitReportReporter -->
<testsuite hostname="DIPIDEAPAD-S145" name="com.bs.auto.demo.Demo2" tests="2" failures="0" timestamp="2 Jun 2022 07:01:10 GMT" time="5.058" errors="0">
  <testcase name="method2" time="2.579" classname="com.bs.auto.demo.Demo2"/>
  <testcase name="method2" time="2.479" classname="com.bs.auto.demo.Demo2"/>
</testsuite> <!-- com.bs.auto.demo.Demo2 -->
